%!Adobe-FontList 1.18
%Locale:0x409

%BeginFont
Handler:DirectoryHandler
FontType:TrueType
FontName:HelveticaNeue-Bold
FamilyName:Helvetica Neue
StyleName:Bold
MenuName:Helvetica Neue
StyleBits:2
WeightClass:700
WidthClass:5
AngleClass:0
FullName:Helvetica Neue Bold
WritingScript:Roman
OutlineFileName:\HelveticaNeue.dfont
DataFormat:sfntResource
ResourceID:14151
hasSVG:no
FileLength:6738727
FileModTime:1410277984
NameArray:0,Mac,4,Helvetica Neue Bold
%EndFont

%BeginFont
Handler:DirectoryHandler
FontType:TrueType
FontName:HelveticaNeue
FamilyName:Helvetica Neue
StyleName:Regular
MenuName:Helvetica Neue
StyleBits:0
WeightClass:400
WidthClass:5
AngleClass:0
FullName:Helvetica Neue
WritingScript:Roman
OutlineFileName:\HelveticaNeue.dfont
DataFormat:sfntResource
ResourceID:15445
hasSVG:no
FileLength:6738727
FileModTime:1410277984
NameArray:0,Mac,4,Helvetica Neue
%EndFont

%BeginFont
Handler:DirectoryHandler
FontType:TrueType
FontName:HelveticaNeue-UltraLight
FamilyName:Helvetica Neue
StyleName:UltraLight
MenuName:Helvetica Neue
StyleBits:0
WeightClass:100
WidthClass:5
AngleClass:0
FullName:Helvetica Neue UltraLight
WritingScript:Roman
OutlineFileName:\HelveticaNeue.dfont
DataFormat:sfntResource
ResourceID:8110
hasSVG:no
FileLength:6738727
FileModTime:1410277984
NameArray:0,Mac,4,Helvetica Neue UltraLight
%EndFont

%BeginFont
Handler:DirectoryHandler
FontType:TrueType
FontName:HelveticaNeue-Italic
FamilyName:Helvetica Neue
StyleName:Italic
MenuName:Helvetica Neue
StyleBits:1
WeightClass:400
WidthClass:5
AngleClass:1
FullName:Helvetica Neue Italic
WritingScript:Roman
OutlineFileName:\HelveticaNeue.dfont
DataFormat:sfntResource
ResourceID:18772
hasSVG:no
FileLength:6738727
FileModTime:1410277984
NameArray:0,Mac,4,Helvetica Neue Italic
%EndFont

%BeginFont
Handler:DirectoryHandler
FontType:TrueType
FontName:HelveticaNeue-Light
FamilyName:Helvetica Neue
StyleName:Light
MenuName:Helvetica Neue
StyleBits:0
WeightClass:300
WidthClass:5
AngleClass:0
FullName:Helvetica Neue Light
WritingScript:Roman
OutlineFileName:\HelveticaNeue.dfont
DataFormat:sfntResource
ResourceID:20609
hasSVG:no
FileLength:6738727
FileModTime:1410277984
NameArray:0,Mac,4,Helvetica Neue Light
%EndFont

%BeginFont
Handler:DirectoryHandler
FontType:TrueType
FontName:HelveticaNeue-UltraLightItalic
FamilyName:Helvetica Neue
StyleName:UltraLight Italic
MenuName:Helvetica Neue
StyleBits:1
WeightClass:100
WidthClass:5
AngleClass:1
FullName:Helvetica Neue UltraLight Italic
WritingScript:Roman
OutlineFileName:\HelveticaNeue.dfont
DataFormat:sfntResource
ResourceID:24685
hasSVG:no
FileLength:6738727
FileModTime:1410277984
NameArray:0,Mac,4,Helvetica Neue UltraLight Italic
%EndFont

%BeginFont
Handler:DirectoryHandler
FontType:TrueType
FontName:HelveticaNeue-CondensedBlack
FamilyName:Helvetica Neue
StyleName:Condensed Black
MenuName:Helvetica Neue
StyleBits:2
WeightClass:900
WidthClass:3
AngleClass:0
FullName:Helvetica Neue Condensed Black
WritingScript:Roman
OutlineFileName:\HelveticaNeue.dfont
DataFormat:sfntResource
ResourceID:28134
hasSVG:no
FileLength:6738727
FileModTime:1410277984
NameArray:0,Mac,4,Helvetica Neue Condensed Black
%EndFont

%BeginFont
Handler:DirectoryHandler
FontType:TrueType
FontName:HelveticaNeue-CondensedBold
FamilyName:Helvetica Neue
StyleName:Condensed Bold
MenuName:Helvetica Neue
StyleBits:2
WeightClass:700
WidthClass:3
AngleClass:0
FullName:Helvetica Neue Condensed Bold
WritingScript:Roman
OutlineFileName:\HelveticaNeue.dfont
DataFormat:sfntResource
ResourceID:30606
hasSVG:no
FileLength:6738727
FileModTime:1410277984
NameArray:0,Mac,4,Helvetica Neue Condensed Bold
%EndFont

%BeginFont
Handler:DirectoryHandler
FontType:TrueType
FontName:HelveticaNeue-BoldItalic
FamilyName:Helvetica Neue
StyleName:Bold Italic
MenuName:Helvetica Neue
StyleBits:3
WeightClass:700
WidthClass:5
AngleClass:1
FullName:Helvetica Neue Bold Italic
WritingScript:Roman
OutlineFileName:\HelveticaNeue.dfont
DataFormat:sfntResource
ResourceID:12888
hasSVG:no
FileLength:6738727
FileModTime:1410277984
NameArray:0,Mac,4,Helvetica Neue Bold Italic
%EndFont

%BeginFont
Handler:DirectoryHandler
FontType:TrueType
FontName:HelveticaNeue-LightItalic
FamilyName:Helvetica Neue
StyleName:Light Italic
MenuName:Helvetica Neue
StyleBits:1
WeightClass:300
WidthClass:5
AngleClass:1
FullName:Helvetica Neue Light Italic
WritingScript:Roman
OutlineFileName:\HelveticaNeue.dfont
DataFormat:sfntResource
ResourceID:13514
hasSVG:no
FileLength:6738727
FileModTime:1410277984
NameArray:0,Mac,4,Helvetica Neue Light Italic
%EndFont

%BeginFont
Handler:DirectoryHandler
FontType:TrueType
FontName:HelveticaNeue-Medium
FamilyName:Helvetica Neue
StyleName:Medium
MenuName:Helvetica Neue
StyleBits:0
WeightClass:500
WidthClass:5
AngleClass:0
FullName:Helvetica Neue Medium
WritingScript:Roman
OutlineFileName:\HelveticaNeue.dfont
DataFormat:sfntResource
ResourceID:14242
hasSVG:no
FileLength:6738727
FileModTime:1410277984
NameArray:0,Mac,4,Helvetica Neue Medium
%EndFont

%BeginFont
Handler:DirectoryHandler
FontType:TrueType
FontName:HelveticaNeue-Thin
FamilyName:Helvetica Neue
StyleName:Thin
MenuName:Helvetica Neue
StyleBits:0
WeightClass:250
WidthClass:5
AngleClass:0
FullName:Helvetica Neue Thin
WritingScript:Roman
OutlineFileName:\HelveticaNeue.dfont
DataFormat:sfntResource
ResourceID:14243
hasSVG:no
FileLength:6738727
FileModTime:1410277984
NameArray:0,Mac,4,Helvetica Neue Thin
NameArray:0,Win,1,Helvetica Neue
%EndFont

%BeginFont
Handler:DirectoryHandler
FontType:TrueType
FontName:HelveticaNeue-ThinItalic
FamilyName:Helvetica Neue
StyleName:Thin Italic
MenuName:Helvetica Neue
StyleBits:0
WeightClass:250
WidthClass:5
AngleClass:0
FullName:Helvetica Neue Thin Italic
WritingScript:Roman
OutlineFileName:\HelveticaNeue.dfont
DataFormat:sfntResource
ResourceID:14244
hasSVG:no
FileLength:6738727
FileModTime:1410277984
NameArray:0,Mac,4,Helvetica Neue Thin Italic
NameArray:0,Win,1,Helvetica Neue
%EndFont

%BeginFont
Handler:DirectoryHandler
FontType:TrueType
FontName:HelveticaNeue-MediumItalic
FamilyName:Helvetica Neue
StyleName:Medium Italic
MenuName:Helvetica Neue
StyleBits:0
WeightClass:500
WidthClass:5
AngleClass:0
FullName:Helvetica Neue Medium Italic
WritingScript:Roman
OutlineFileName:\HelveticaNeue.dfont
DataFormat:sfntResource
ResourceID:14245
hasSVG:no
FileLength:6738727
FileModTime:1410277984
NameArray:0,Mac,4,Helvetica Neue Medium Italic
%EndFont

%BeginFont
Handler:DirectoryHandler
FontType:Suitcase
FontName:HelveticaNeue
OutlineFileName:\HelveticaNeue.dfont
ResourceID:4684
MacStyle:0
FileLength:6738727
FileModTime:1410277984
%EndFont

%BeginFont
Handler:DirectoryHandler
FontType:Suitcase
FontName:HelveticaNeue-Bold
OutlineFileName:\HelveticaNeue.dfont
ResourceID:4684
MacStyle:1
FileLength:6738727
FileModTime:1410277984
%EndFont

%BeginFont
Handler:DirectoryHandler
FontType:Suitcase
FontName:HelveticaNeue-Italic
OutlineFileName:\HelveticaNeue.dfont
ResourceID:4684
MacStyle:2
FileLength:6738727
FileModTime:1410277984
%EndFont

%BeginFont
Handler:DirectoryHandler
FontType:Suitcase
FontName:HelveticaNeue-BoldItalic
OutlineFileName:\HelveticaNeue.dfont
ResourceID:4684
MacStyle:3
FileLength:6738727
FileModTime:1410277984
%EndFont

%BeginFont
Handler:DirectoryHandler
FontType:Suitcase
FontName:HelveticaNeue-CondensedBold
OutlineFileName:\HelveticaNeue.dfont
ResourceID:4685
MacStyle:0
FileLength:6738727
FileModTime:1410277984
%EndFont

%BeginFont
Handler:DirectoryHandler
FontType:Suitcase
FontName:HelveticaNeue-UltraLight
OutlineFileName:\HelveticaNeue.dfont
ResourceID:4688
MacStyle:0
FileLength:6738727
FileModTime:1410277984
%EndFont

%BeginFont
Handler:DirectoryHandler
FontType:Suitcase
FontName:HelveticaNeue-UltraLightItalic
OutlineFileName:\HelveticaNeue.dfont
ResourceID:4688
MacStyle:2
FileLength:6738727
FileModTime:1410277984
%EndFont

%BeginFont
Handler:DirectoryHandler
FontType:Suitcase
FontName:HelveticaNeue-Light
OutlineFileName:\HelveticaNeue.dfont
ResourceID:4846
MacStyle:0
FileLength:6738727
FileModTime:1410277984
%EndFont

%BeginFont
Handler:DirectoryHandler
FontType:Suitcase
FontName:HelveticaNeue-LightItalic
OutlineFileName:\HelveticaNeue.dfont
ResourceID:4846
MacStyle:2
FileLength:6738727
FileModTime:1410277984
%EndFont

%BeginFont
Handler:DirectoryHandler
FontType:Suitcase
FontName:HelveticaNeue-CondensedBlack
OutlineFileName:\HelveticaNeue.dfont
ResourceID:4889
MacStyle:0
FileLength:6738727
FileModTime:1410277984
%EndFont

%BeginFont
Handler:DirectoryHandler
FontType:Suitcase
FontName:HelveticaNeue-Medium
OutlineFileName:\HelveticaNeue.dfont
ResourceID:128
MacStyle:0
FileLength:6738727
FileModTime:1410277984
%EndFont

%BeginFont
Handler:DirectoryHandler
FontType:Suitcase
FontName:HelveticaNeue-MediumItalic
OutlineFileName:\HelveticaNeue.dfont
ResourceID:128
MacStyle:2
FileLength:6738727
FileModTime:1410277984
%EndFont

%BeginFont
Handler:DirectoryHandler
FontType:Suitcase
FontName:HelveticaNeue-Thin
OutlineFileName:\HelveticaNeue.dfont
ResourceID:4848
MacStyle:0
FileLength:6738727
FileModTime:1410277984
%EndFont

%BeginFont
Handler:DirectoryHandler
FontType:Suitcase
FontName:HelveticaNeue-ThinItalic
OutlineFileName:\HelveticaNeue.dfont
ResourceID:4848
MacStyle:2
FileLength:6738727
FileModTime:1410277984
%EndFont

%BeginFont
Handler:DirectoryHandler
FontType:Type1
FontName:HelveticaNeueLTStd-Bd
FamilyName:Helvetica Neue LT Std
StyleName:75 Bold
MenuName:HelveticaNeueLT Std
StyleBits:2
WeightClass:700
WidthClass:5
AngleClass:0
FullName:Helvetica Neue LT Std 75 Bold
WritingScript:Roman
OutlineFileName:\HelveticaNeueLTStd-Bd.otf
DataFormat:sfntData
UsesStandardEncoding:yes
isCFF:yes
hasSVG:no
FileLength:29448
FileModTime:1521557989
NameArray:0,Mac,18,HelveticaNeueLT Std Bold
NameArray:0,Mac,4,Helvetica Neue LT Std 75 Bold
NameArray:0,Win,1,HelveticaNeueLT Std
NameArray:0,Win,16,Helvetica Neue LT Std
%EndFont

%BeginFont
Handler:DirectoryHandler
FontType:Type1
FontName:HelveticaNeueLTStd-Lt
FamilyName:Helvetica Neue LT Std
StyleName:45 Light
MenuName:HelveticaNeueLT Std Lt
StyleBits:0
WeightClass:300
WidthClass:5
AngleClass:0
FullName:Helvetica Neue LT Std 45 Light
WritingScript:Roman
OutlineFileName:\HelveticaNeueLTStd-Lt.otf
DataFormat:sfntData
UsesStandardEncoding:yes
isCFF:yes
hasSVG:no
FileLength:29328
FileModTime:1487000094
NameArray:0,Mac,18,HelveticaNeueLT Std Lt
NameArray:0,Mac,4,Helvetica Neue LT Std 45 Light
NameArray:0,Win,1,HelveticaNeueLT Std Lt
NameArray:0,Win,16,Helvetica Neue LT Std
%EndFont

%BeginFont
Handler:DirectoryHandler
FontType:Type1
FontName:HelveticaNeueLTStd-Roman
FamilyName:Helvetica Neue LT Std
StyleName:55 Roman
MenuName:HelveticaNeueLT Std
StyleBits:0
WeightClass:400
WidthClass:5
AngleClass:0
FullName:Helvetica Neue LT Std 55 Roman
WritingScript:Roman
OutlineFileName:\HelveticaNeueLTStd-Roman.otf
DataFormat:sfntData
UsesStandardEncoding:yes
isCFF:yes
hasSVG:no
FileLength:29148
FileModTime:1521557992
NameArray:0,Mac,18,HelveticaNeueLT Std
NameArray:0,Mac,4,Helvetica Neue LT Std 55 Roman
NameArray:0,Win,1,HelveticaNeueLT Std
NameArray:0,Win,16,Helvetica Neue LT Std
%EndFont

%BeginFont
Handler:DirectoryHandler
FontType:Type1
FontName:MinionPro-Regular
FamilyName:Minion Pro
StyleName:Regular
MenuName:Minion Pro
StyleBits:0
WeightClass:400
WidthClass:5
AngleClass:0
FullName:Minion Pro
WritingScript:Roman
OutlineFileName:\MinionPro-Regular.otf
DataFormat:sfntData
UsesStandardEncoding:yes
isCFF:yes
hasSVG:no
FileLength:231312
FileModTime:1287746462
DesignSize:110
NameArray:0,Mac,4,Minion Pro
NameArray:0,Win,1,Minion Pro
%EndFont

